
*** Running vivado
    with args -log TopMultiplier.vdi -applog -m64 -product Vivado -messageDb vivado.pb -mode batch -source TopMultiplier.tcl -notrace


****** Vivado v2019.2 (64-bit)
  **** SW Build 2708876 on Wed Nov  6 21:40:23 MST 2019
  **** IP Build 2700528 on Thu Nov  7 00:09:20 MST 2019
    ** Copyright 1986-2019 Xilinx, Inc. All Rights Reserved.

source TopMultiplier.tcl -notrace
Command: link_design -top TopMultiplier -part xc7vx485tffg1157-1
Design is defaulting to srcset: sources_1
Design is defaulting to constrset: constrs_1
INFO: [Device 21-403] Loading part xc7vx485tffg1157-1
Netlist sorting complete. Time (s): cpu = 00:00:00 ; elapsed = 00:00:00.007 . Memory (MB): peak = 904.031 ; gain = 0.000
INFO: [Netlist 29-17] Analyzing 4 Unisim elements for replacement
INFO: [Netlist 29-28] Unisim Transformation completed in 0 CPU seconds
INFO: [Project 1-479] Netlist was created with Vivado 2019.2
INFO: [Project 1-570] Preparing netlist for logic optimization
Parsing XDC File [C:/Users/TheBetterKong/VivadoWorkplace/MyMultiplier16/multiplier_constraints.xdc]
INFO: [Constraints 18-483] create_clock: no pin(s)/port(s)/net(s) specified as objects, only virtual clock 'v_clk' will be created. If you don't want this, please specify pin(s)/ports(s)/net(s) as objects to the command. [C:/Users/TheBetterKong/VivadoWorkplace/MyMultiplier16/multiplier_constraints.xdc:3]
INFO: [Timing 38-35] Done setting XDC timing constraints. [C:/Users/TheBetterKong/VivadoWorkplace/MyMultiplier16/multiplier_constraints.xdc:4]
get_clocks: Time (s): cpu = 00:00:16 ; elapsed = 00:00:17 . Memory (MB): peak = 1716.324 ; gain = 678.156
Finished Parsing XDC File [C:/Users/TheBetterKong/VivadoWorkplace/MyMultiplier16/multiplier_constraints.xdc]
INFO: [Opt 31-138] Pushed 0 inverter(s) to 0 load pin(s).
Netlist sorting complete. Time (s): cpu = 00:00:00 ; elapsed = 00:00:00 . Memory (MB): peak = 1716.324 ; gain = 0.000
INFO: [Project 1-111] Unisim Transformation Summary:
No Unisim elements were transformed.

9 Infos, 0 Warnings, 0 Critical Warnings and 0 Errors encountered.
link_design completed successfully
link_design: Time (s): cpu = 00:00:34 ; elapsed = 00:00:37 . Memory (MB): peak = 1716.324 ; gain = 1274.184
Command: opt_design -directive Explore
INFO: [Vivado_Tcl 4-136] Directive used for opt_design is: Explore
Attempting to get a license for feature 'Implementation' and/or device 'xc7vx485t'
INFO: [Common 17-349] Got license for feature 'Implementation' and/or device 'xc7vx485t'
Running DRC as a precondition to command opt_design

Starting DRC Task
INFO: [DRC 23-27] Running DRC with 2 threads
INFO: [Project 1-461] DRC finished with 0 Errors
INFO: [Project 1-462] Please refer to the DRC report (report_drc) for more information.

Time (s): cpu = 00:00:02 ; elapsed = 00:00:01 . Memory (MB): peak = 1716.324 ; gain = 0.000

Starting Cache Timing Information Task
INFO: [Constraints 18-483] create_clock: no pin(s)/port(s)/net(s) specified as objects, only virtual clock 'v_clk' will be created. If you don't want this, please specify pin(s)/ports(s)/net(s) as objects to the command. [C:/Users/TheBetterKong/VivadoWorkplace/MyMultiplier16/multiplier_constraints.xdc:3]
INFO: [Timing 38-35] Done setting XDC timing constraints.
Ending Cache Timing Information Task | Checksum: 11a89fdc0

Time (s): cpu = 00:00:00 ; elapsed = 00:00:00.033 . Memory (MB): peak = 1731.051 ; gain = 14.727

Starting Logic Optimization Task

Phase 1 Retarget
INFO: [Opt 31-138] Pushed 0 inverter(s) to 0 load pin(s).
INFO: [Opt 31-49] Retargeted 0 cell(s).
Phase 1 Retarget | Checksum: 11a89fdc0

Time (s): cpu = 00:00:00 ; elapsed = 00:00:00.064 . Memory (MB): peak = 1913.465 ; gain = 0.000
INFO: [Opt 31-389] Phase Retarget created 0 cells and removed 0 cells

Phase 2 Constant propagation
INFO: [Opt 31-138] Pushed 0 inverter(s) to 0 load pin(s).
Phase 2 Constant propagation | Checksum: 11a89fdc0

Time (s): cpu = 00:00:00 ; elapsed = 00:00:00.073 . Memory (MB): peak = 1913.465 ; gain = 0.000
INFO: [Opt 31-389] Phase Constant propagation created 0 cells and removed 0 cells

Phase 3 Sweep
Phase 3 Sweep | Checksum: f67eaa28

Time (s): cpu = 00:00:00 ; elapsed = 00:00:00.083 . Memory (MB): peak = 1913.465 ; gain = 0.000
INFO: [Opt 31-389] Phase Sweep created 0 cells and removed 0 cells

Phase 4 BUFG optimization
INFO: [Opt 31-1112] Starts optimizing BUFG(s) with a common MMCM/DPLL/XPLL driver.
INFO: [Opt 31-1112] Starts optimizing BUFG(s) with a common driver.
INFO: [Opt 31-1092] Phase BUFG optimization transformed 0 BUFG(s) to MBUFG(s).
Phase 4 BUFG optimization | Checksum: f67eaa28

Time (s): cpu = 00:00:00 ; elapsed = 00:00:00.114 . Memory (MB): peak = 1913.465 ; gain = 0.000
INFO: [Opt 31-662] Phase BUFG optimization created 0 cells of which 0 are BUFGs and removed 0 cells.

Phase 5 Shift Register Optimization
INFO: [Opt 31-1064] SRL Remap converted 0 SRLs to 0 registers and converted 0 registers of register chains to 0 SRLs
Phase 5 Shift Register Optimization | Checksum: f67eaa28

Time (s): cpu = 00:00:00 ; elapsed = 00:00:00.126 . Memory (MB): peak = 1913.465 ; gain = 0.000
INFO: [Opt 31-389] Phase Shift Register Optimization created 0 cells and removed 0 cells

Phase 6 Post Processing Netlist
Phase 6 Post Processing Netlist | Checksum: f67eaa28

Time (s): cpu = 00:00:00 ; elapsed = 00:00:00.130 . Memory (MB): peak = 1913.465 ; gain = 0.000
INFO: [Opt 31-389] Phase Post Processing Netlist created 0 cells and removed 0 cells
Opt_design Change Summary
=========================


-------------------------------------------------------------------------------------------------------------------------
|  Phase                        |  #Cells created  |  #Cells Removed  |  #Constrained objects preventing optimizations  |
-------------------------------------------------------------------------------------------------------------------------
|  Retarget                     |               0  |               0  |                                              0  |
|  Constant propagation         |               0  |               0  |                                              0  |
|  Sweep                        |               0  |               0  |                                              0  |
|  BUFG optimization            |               0  |               0  |                                              0  |
|  Shift Register Optimization  |               0  |               0  |                                              0  |
|  Post Processing Netlist      |               0  |               0  |                                              0  |
-------------------------------------------------------------------------------------------------------------------------



Starting Connectivity Check Task

Time (s): cpu = 00:00:00 ; elapsed = 00:00:00.004 . Memory (MB): peak = 1913.465 ; gain = 0.000
Ending Logic Optimization Task | Checksum: 13ec3534a

Time (s): cpu = 00:00:00 ; elapsed = 00:00:00.153 . Memory (MB): peak = 1913.465 ; gain = 0.000

Starting Power Optimization Task
INFO: [Pwropt 34-132] Skipping clock gating for clocks with a period < 2.00 ns.
Ending Power Optimization Task | Checksum: 13ec3534a

Time (s): cpu = 00:00:00 ; elapsed = 00:00:00.124 . Memory (MB): peak = 1913.465 ; gain = 0.000

Starting Final Cleanup Task
Ending Final Cleanup Task | Checksum: 13ec3534a

Time (s): cpu = 00:00:00 ; elapsed = 00:00:00 . Memory (MB): peak = 1913.465 ; gain = 0.000

Starting Netlist Obfuscation Task
Netlist sorting complete. Time (s): cpu = 00:00:00 ; elapsed = 00:00:00 . Memory (MB): peak = 1913.465 ; gain = 0.000
Ending Netlist Obfuscation Task | Checksum: 13ec3534a

Time (s): cpu = 00:00:00 ; elapsed = 00:00:00.001 . Memory (MB): peak = 1913.465 ; gain = 0.000
INFO: [Common 17-83] Releasing license: Implementation
31 Infos, 0 Warnings, 0 Critical Warnings and 0 Errors encountered.
opt_design completed successfully
opt_design: Time (s): cpu = 00:00:05 ; elapsed = 00:00:05 . Memory (MB): peak = 1913.465 ; gain = 197.141
Netlist sorting complete. Time (s): cpu = 00:00:00 ; elapsed = 00:00:00.001 . Memory (MB): peak = 1913.465 ; gain = 0.000
INFO: [Timing 38-480] Writing timing data to binary archive.
INFO: [Common 17-1381] The checkpoint 'C:/Users/TheBetterKong/VivadoWorkplace/MyMultiplier16/MyMultiplier16.runs/impl_2/TopMultiplier_opt.dcp' has been generated.
INFO: [runtcl-4] Executing : report_drc -file TopMultiplier_drc_opted.rpt -pb TopMultiplier_drc_opted.pb -rpx TopMultiplier_drc_opted.rpx
Command: report_drc -file TopMultiplier_drc_opted.rpt -pb TopMultiplier_drc_opted.pb -rpx TopMultiplier_drc_opted.rpx
INFO: [IP_Flow 19-234] Refreshing IP repositories
INFO: [IP_Flow 19-1704] No user IP repositories specified
INFO: [IP_Flow 19-2313] Loaded Vivado IP repository 'D:/Xilinx/Vivado/2019.2/data/ip'.
INFO: [DRC 23-27] Running DRC with 2 threads
INFO: [Coretcl 2-168] The results of DRC are in file C:/Users/TheBetterKong/VivadoWorkplace/MyMultiplier16/MyMultiplier16.runs/impl_2/TopMultiplier_drc_opted.rpt.
report_drc completed successfully
report_drc: Time (s): cpu = 00:00:05 ; elapsed = 00:00:07 . Memory (MB): peak = 1913.465 ; gain = 0.000
Command: place_design -directive Explore
Attempting to get a license for feature 'Implementation' and/or device 'xc7vx485t'
INFO: [Common 17-349] Got license for feature 'Implementation' and/or device 'xc7vx485t'
INFO: [DRC 23-27] Running DRC with 2 threads
INFO: [Vivado_Tcl 4-198] DRC finished with 0 Errors
INFO: [Vivado_Tcl 4-199] Please refer to the DRC report (report_drc) for more information.
Running DRC as a precondition to command place_design
INFO: [DRC 23-27] Running DRC with 2 threads
INFO: [Vivado_Tcl 4-198] DRC finished with 0 Errors
INFO: [Vivado_Tcl 4-199] Please refer to the DRC report (report_drc) for more information.

Starting Placer Task
INFO: [Place 46-5] The placer was invoked with the 'Explore' directive.
INFO: [Place 30-611] Multithreading enabled for place_design using a maximum of 2 CPUs

Phase 1 Placer Initialization

Phase 1.1 Placer Initialization Netlist Sorting
Netlist sorting complete. Time (s): cpu = 00:00:00 ; elapsed = 00:00:00 . Memory (MB): peak = 1913.465 ; gain = 0.000
Phase 1.1 Placer Initialization Netlist Sorting | Checksum: 7808af37

Time (s): cpu = 00:00:00 ; elapsed = 00:00:00.127 . Memory (MB): peak = 1913.465 ; gain = 0.000
Netlist sorting complete. Time (s): cpu = 00:00:00 ; elapsed = 00:00:00 . Memory (MB): peak = 1913.465 ; gain = 0.000

Phase 1.2 IO Placement/ Clock Placement/ Build Placer Device
INFO: [Constraints 18-483] create_clock: no pin(s)/port(s)/net(s) specified as objects, only virtual clock 'v_clk' will be created. If you don't want this, please specify pin(s)/ports(s)/net(s) as objects to the command. [C:/Users/TheBetterKong/VivadoWorkplace/MyMultiplier16/multiplier_constraints.xdc:3]
INFO: [Timing 38-35] Done setting XDC timing constraints.
Phase 1.2 IO Placement/ Clock Placement/ Build Placer Device | Checksum: 877a262e

Time (s): cpu = 00:00:04 ; elapsed = 00:00:03 . Memory (MB): peak = 1914.027 ; gain = 0.563

Phase 1.3 Build Placer Netlist Model
Phase 1.3 Build Placer Netlist Model | Checksum: a442e98b

Time (s): cpu = 00:00:04 ; elapsed = 00:00:03 . Memory (MB): peak = 1914.027 ; gain = 0.563

Phase 1.4 Constrain Clocks/Macros
Phase 1.4 Constrain Clocks/Macros | Checksum: a442e98b

Time (s): cpu = 00:00:04 ; elapsed = 00:00:03 . Memory (MB): peak = 1914.027 ; gain = 0.563
Phase 1 Placer Initialization | Checksum: a442e98b

Time (s): cpu = 00:00:04 ; elapsed = 00:00:03 . Memory (MB): peak = 1914.027 ; gain = 0.563

Phase 2 Global Placement

Phase 2.1 Floorplanning
Phase 2.1 Floorplanning | Checksum: 1298fe798

Time (s): cpu = 00:00:04 ; elapsed = 00:00:04 . Memory (MB): peak = 1914.027 ; gain = 0.563

Phase 2.2 Global Placement Core

Phase 2.2.1 Physical Synthesis In Placer
INFO: [Physopt 32-1018] Found 3 candidate LUT instances to create LUTNM shape
INFO: [Physopt 32-775] End 1 Pass. Optimized 1 net or cell. Created 0 new cell, deleted 1 existing cell and moved 0 existing cell
INFO: [Physopt 32-65] No nets found for high-fanout optimization.
INFO: [Physopt 32-232] Optimized 0 net. Created 0 new instance.
INFO: [Physopt 32-775] End 1 Pass. Optimized 0 net or cell. Created 0 new cell, deleted 0 existing cell and moved 0 existing cell
INFO: [Physopt 32-670] No setup violation found.  DSP Register Optimization was not performed.
INFO: [Physopt 32-670] No setup violation found.  Shift Register to Pipeline Optimization was not performed.
INFO: [Physopt 32-670] No setup violation found.  Shift Register Optimization was not performed.
INFO: [Physopt 32-670] No setup violation found.  BRAM Register Optimization was not performed.
INFO: [Physopt 32-949] No candidate nets found for HD net replication
INFO: [Physopt 32-775] End 1 Pass. Optimized 0 net or cell. Created 0 new cell, deleted 0 existing cell and moved 0 existing cell
Netlist sorting complete. Time (s): cpu = 00:00:00 ; elapsed = 00:00:00 . Memory (MB): peak = 1914.027 ; gain = 0.000

Summary of Physical Synthesis Optimizations
============================================


-----------------------------------------------------------------------------------------------------------------------------------------------------------
|  Optimization                                     |  Added Cells  |  Removed Cells  |  Optimized Cells/Nets  |  Dont Touch  |  Iterations  |  Elapsed   |
-----------------------------------------------------------------------------------------------------------------------------------------------------------
|  LUT Combining                                    |            0  |              1  |                     1  |           0  |           1  |  00:00:00  |
|  Very High Fanout                                 |            0  |              0  |                     0  |           0  |           1  |  00:00:00  |
|  DSP Register                                     |            0  |              0  |                     0  |           0  |           0  |  00:00:00  |
|  Shift Register to Pipeline                       |            0  |              0  |                     0  |           0  |           0  |  00:00:00  |
|  Shift Register                                   |            0  |              0  |                     0  |           0  |           0  |  00:00:00  |
|  BRAM Register                                    |            0  |              0  |                     0  |           0  |           0  |  00:00:00  |
|  Dynamic/Static Region Interface Net Replication  |            0  |              0  |                     0  |           0  |           1  |  00:00:00  |
|  Total                                            |            0  |              1  |                     1  |           0  |           3  |  00:00:00  |
-----------------------------------------------------------------------------------------------------------------------------------------------------------


Phase 2.2.1 Physical Synthesis In Placer | Checksum: 55024fa0

Time (s): cpu = 00:00:09 ; elapsed = 00:00:06 . Memory (MB): peak = 1914.027 ; gain = 0.563
Phase 2.2 Global Placement Core | Checksum: f12772c0

Time (s): cpu = 00:00:10 ; elapsed = 00:00:07 . Memory (MB): peak = 1914.027 ; gain = 0.563
Phase 2 Global Placement | Checksum: f12772c0

Time (s): cpu = 00:00:10 ; elapsed = 00:00:07 . Memory (MB): peak = 1914.027 ; gain = 0.563

Phase 3 Detail Placement

Phase 3.1 Commit Multi Column Macros
Phase 3.1 Commit Multi Column Macros | Checksum: 117a8cc9f

Time (s): cpu = 00:00:10 ; elapsed = 00:00:07 . Memory (MB): peak = 1914.027 ; gain = 0.563

Phase 3.2 Commit Most Macros & LUTRAMs
Phase 3.2 Commit Most Macros & LUTRAMs | Checksum: f0a179be

Time (s): cpu = 00:00:10 ; elapsed = 00:00:08 . Memory (MB): peak = 1914.027 ; gain = 0.563

Phase 3.3 Area Swap Optimization
Phase 3.3 Area Swap Optimization | Checksum: 7ced66fd

Time (s): cpu = 00:00:10 ; elapsed = 00:00:08 . Memory (MB): peak = 1914.027 ; gain = 0.563

Phase 3.4 Pipeline Register Optimization
Phase 3.4 Pipeline Register Optimization | Checksum: 7ced66fd

Time (s): cpu = 00:00:10 ; elapsed = 00:00:08 . Memory (MB): peak = 1914.027 ; gain = 0.563

Phase 3.5 Small Shape Detail Placement
Phase 3.5 Small Shape Detail Placement | Checksum: 113be999f

Time (s): cpu = 00:00:12 ; elapsed = 00:00:09 . Memory (MB): peak = 1914.027 ; gain = 0.563

Phase 3.6 Re-assign LUT pins
Phase 3.6 Re-assign LUT pins | Checksum: 6d2fc995

Time (s): cpu = 00:00:12 ; elapsed = 00:00:09 . Memory (MB): peak = 1914.027 ; gain = 0.563

Phase 3.7 Pipeline Register Optimization
Phase 3.7 Pipeline Register Optimization | Checksum: 6d2fc995

Time (s): cpu = 00:00:12 ; elapsed = 00:00:09 . Memory (MB): peak = 1914.027 ; gain = 0.563
Phase 3 Detail Placement | Checksum: 6d2fc995

Time (s): cpu = 00:00:12 ; elapsed = 00:00:09 . Memory (MB): peak = 1914.027 ; gain = 0.563

Phase 4 Post Placement Optimization and Clean-Up

Phase 4.1 Post Commit Optimization
INFO: [Constraints 18-483] create_clock: no pin(s)/port(s)/net(s) specified as objects, only virtual clock 'v_clk' will be created. If you don't want this, please specify pin(s)/ports(s)/net(s) as objects to the command. [C:/Users/TheBetterKong/VivadoWorkplace/MyMultiplier16/multiplier_constraints.xdc:3]
INFO: [Timing 38-35] Done setting XDC timing constraints.

Phase 4.1.1 Post Placement Optimization
Post Placement Optimization Initialization | Checksum: 790f3a03

Phase 4.1.1.1 BUFG Insertion
INFO: [Place 46-56] BUFG insertion identified 0 candidate nets. Inserted BUFG: 0, Replicated BUFG Driver: 0, Skipped due to Placement/Routing Conflicts: 0, Skipped due to Timing Degradation: 0, Skipped due to Illegal Netlist: 0.
Phase 4.1.1.1 BUFG Insertion | Checksum: 790f3a03

Time (s): cpu = 00:00:13 ; elapsed = 00:00:10 . Memory (MB): peak = 1968.645 ; gain = 55.180
INFO: [Place 30-746] Post Placement Timing Summary WNS=0.514. For the most accurate timing information please run report_timing.
Phase 4.1.1 Post Placement Optimization | Checksum: ebd45cc5

Time (s): cpu = 00:00:16 ; elapsed = 00:00:13 . Memory (MB): peak = 1968.645 ; gain = 55.180
Phase 4.1 Post Commit Optimization | Checksum: ebd45cc5

Time (s): cpu = 00:00:16 ; elapsed = 00:00:13 . Memory (MB): peak = 1968.645 ; gain = 55.180

Phase 4.2 Post Placement Cleanup
Phase 4.2 Post Placement Cleanup | Checksum: ebd45cc5

Time (s): cpu = 00:00:16 ; elapsed = 00:00:13 . Memory (MB): peak = 1968.645 ; gain = 55.180

Phase 4.3 Placer Reporting
Phase 4.3 Placer Reporting | Checksum: ebd45cc5

Time (s): cpu = 00:00:16 ; elapsed = 00:00:13 . Memory (MB): peak = 1968.645 ; gain = 55.180

Phase 4.4 Final Placement Cleanup
Netlist sorting complete. Time (s): cpu = 00:00:00 ; elapsed = 00:00:00.001 . Memory (MB): peak = 1968.645 ; gain = 0.000
Phase 4.4 Final Placement Cleanup | Checksum: 1b0a8e06b

Time (s): cpu = 00:00:16 ; elapsed = 00:00:13 . Memory (MB): peak = 1968.645 ; gain = 55.180
Phase 4 Post Placement Optimization and Clean-Up | Checksum: 1b0a8e06b

Time (s): cpu = 00:00:16 ; elapsed = 00:00:13 . Memory (MB): peak = 1968.645 ; gain = 55.180
Ending Placer Task | Checksum: 18b9151f8

Time (s): cpu = 00:00:16 ; elapsed = 00:00:13 . Memory (MB): peak = 1968.645 ; gain = 55.180
INFO: [Common 17-83] Releasing license: Implementation
66 Infos, 0 Warnings, 0 Critical Warnings and 0 Errors encountered.
place_design completed successfully
place_design: Time (s): cpu = 00:00:19 ; elapsed = 00:00:15 . Memory (MB): peak = 1968.645 ; gain = 55.180
Netlist sorting complete. Time (s): cpu = 00:00:00 ; elapsed = 00:00:00 . Memory (MB): peak = 1968.645 ; gain = 0.000
INFO: [Timing 38-480] Writing timing data to binary archive.
Writing placer database...
Writing XDEF routing.
Writing XDEF routing logical nets.
Writing XDEF routing special nets.
Write XDEF Complete: Time (s): cpu = 00:00:00 ; elapsed = 00:00:00.256 . Memory (MB): peak = 1968.645 ; gain = 0.000
INFO: [Common 17-1381] The checkpoint 'C:/Users/TheBetterKong/VivadoWorkplace/MyMultiplier16/MyMultiplier16.runs/impl_2/TopMultiplier_placed.dcp' has been generated.
INFO: [runtcl-4] Executing : report_io -file TopMultiplier_io_placed.rpt
report_io: Time (s): cpu = 00:00:00 ; elapsed = 00:00:00.210 . Memory (MB): peak = 1968.645 ; gain = 0.000
INFO: [runtcl-4] Executing : report_utilization -file TopMultiplier_utilization_placed.rpt -pb TopMultiplier_utilization_placed.pb
INFO: [runtcl-4] Executing : report_control_sets -verbose -file TopMultiplier_control_sets_placed.rpt
report_control_sets: Time (s): cpu = 00:00:00 ; elapsed = 00:00:00.003 . Memory (MB): peak = 1968.645 ; gain = 0.000
Command: phys_opt_design -directive Explore
Attempting to get a license for feature 'Implementation' and/or device 'xc7vx485t'
INFO: [Common 17-349] Got license for feature 'Implementation' and/or device 'xc7vx485t'
INFO: [Vivado_Tcl 4-137] Directive used for phys_opt_design is: Explore
INFO: [Vivado_Tcl 4-383] Design worst setup slack (WNS) is greater than or equal to 0.250 ns. Skipping all physical synthesis optimizations.
INFO: [Vivado_Tcl 4-232] No setup violation found. The netlist was not modified.
INFO: [Common 17-83] Releasing license: Implementation
76 Infos, 0 Warnings, 0 Critical Warnings and 0 Errors encountered.
phys_opt_design completed successfully
Netlist sorting complete. Time (s): cpu = 00:00:00 ; elapsed = 00:00:00 . Memory (MB): peak = 1968.645 ; gain = 0.000
INFO: [Timing 38-480] Writing timing data to binary archive.
Writing placer database...
Writing XDEF routing.
Writing XDEF routing logical nets.
Writing XDEF routing special nets.
Write XDEF Complete: Time (s): cpu = 00:00:01 ; elapsed = 00:00:00.269 . Memory (MB): peak = 1977.160 ; gain = 8.516
INFO: [Common 17-1381] The checkpoint 'C:/Users/TheBetterKong/VivadoWorkplace/MyMultiplier16/MyMultiplier16.runs/impl_2/TopMultiplier_physopt.dcp' has been generated.
Command: route_design -directive Explore
Attempting to get a license for feature 'Implementation' and/or device 'xc7vx485t'
INFO: [Common 17-349] Got license for feature 'Implementation' and/or device 'xc7vx485t'
Running DRC as a precondition to command route_design
INFO: [DRC 23-27] Running DRC with 2 threads
INFO: [Vivado_Tcl 4-198] DRC finished with 0 Errors
INFO: [Vivado_Tcl 4-199] Please refer to the DRC report (report_drc) for more information.


Starting Routing Task
INFO: [Route 35-270] Using Router directive 'Explore'.
INFO: [Route 35-254] Multithreading enabled for route_design using a maximum of 2 CPUs
Checksum: PlaceDB: a32983e8 ConstDB: 0 ShapeSum: e867ce10 RouteDB: 0

Phase 1 Build RT Design
Phase 1 Build RT Design | Checksum: b558ee6d

Time (s): cpu = 00:01:53 ; elapsed = 00:01:18 . Memory (MB): peak = 2359.742 ; gain = 373.563
Post Restoration Checksum: NetGraph: 53a8003a NumContArr: 61b0ee33 Constraints: 0 Timing: 0

Phase 2 Router Initialization

Phase 2.1 Create Timer
Phase 2.1 Create Timer | Checksum: b558ee6d

Time (s): cpu = 00:01:53 ; elapsed = 00:01:18 . Memory (MB): peak = 2359.742 ; gain = 373.563

Phase 2.2 Fix Topology Constraints
Phase 2.2 Fix Topology Constraints | Checksum: b558ee6d

Time (s): cpu = 00:01:53 ; elapsed = 00:01:18 . Memory (MB): peak = 2361.441 ; gain = 375.262

Phase 2.3 Pre Route Cleanup
Phase 2.3 Pre Route Cleanup | Checksum: b558ee6d

Time (s): cpu = 00:01:53 ; elapsed = 00:01:18 . Memory (MB): peak = 2361.441 ; gain = 375.262
 Number of Nodes with overlaps = 0

Phase 2.4 Update Timing
Phase 2.4 Update Timing | Checksum: 1dcc9d371

Time (s): cpu = 00:01:54 ; elapsed = 00:01:20 . Memory (MB): peak = 2380.418 ; gain = 394.238
INFO: [Route 35-416] Intermediate Timing Summary | WNS=0.958  | TNS=0.000  | WHS=2.833  | THS=0.000  |

Phase 2 Router Initialization | Checksum: 19b5e7df1

Time (s): cpu = 00:01:54 ; elapsed = 00:01:20 . Memory (MB): peak = 2380.418 ; gain = 394.238

Router Utilization Summary
  Global Vertical Routing Utilization    = 0 %
  Global Horizontal Routing Utilization  = 0 %
  Routable Net Status*
  *Does not include unroutable nets such as driverless and loadless.
  Run report_route_status for detailed report.
  Number of Failed Nets               = 683
    (Failed Nets is the sum of unrouted and partially routed nets)
  Number of Unrouted Nets             = 683
  Number of Partially Routed Nets     = 0
  Number of Node Overlaps             = 0


Phase 3 Initial Routing
Phase 3 Initial Routing | Checksum: 11fdbba6d

Time (s): cpu = 00:01:57 ; elapsed = 00:01:22 . Memory (MB): peak = 2381.570 ; gain = 395.391

Phase 4 Rip-up And Reroute

Phase 4.1 Global Iteration 0
 Number of Nodes with overlaps = 478
 Number of Nodes with overlaps = 252
 Number of Nodes with overlaps = 121
 Number of Nodes with overlaps = 83
 Number of Nodes with overlaps = 45
 Number of Nodes with overlaps = 17
 Number of Nodes with overlaps = 15
 Number of Nodes with overlaps = 9
 Number of Nodes with overlaps = 4
 Number of Nodes with overlaps = 5
 Number of Nodes with overlaps = 3
 Number of Nodes with overlaps = 0
INFO: [Route 35-416] Intermediate Timing Summary | WNS=1.888  | TNS=0.000  | WHS=N/A    | THS=N/A    |

Phase 4.1 Global Iteration 0 | Checksum: 224da7b8e

Time (s): cpu = 00:02:04 ; elapsed = 00:01:27 . Memory (MB): peak = 2381.570 ; gain = 395.391
Phase 4 Rip-up And Reroute | Checksum: 224da7b8e

Time (s): cpu = 00:02:04 ; elapsed = 00:01:27 . Memory (MB): peak = 2381.570 ; gain = 395.391

Phase 5 Delay and Skew Optimization

Phase 5.1 Delay CleanUp
Phase 5.1 Delay CleanUp | Checksum: 224da7b8e

Time (s): cpu = 00:02:04 ; elapsed = 00:01:27 . Memory (MB): peak = 2381.570 ; gain = 395.391

Phase 5.2 Clock Skew Optimization
Phase 5.2 Clock Skew Optimization | Checksum: 224da7b8e

Time (s): cpu = 00:02:04 ; elapsed = 00:01:27 . Memory (MB): peak = 2381.570 ; gain = 395.391
Phase 5 Delay and Skew Optimization | Checksum: 224da7b8e

Time (s): cpu = 00:02:04 ; elapsed = 00:01:27 . Memory (MB): peak = 2381.570 ; gain = 395.391

Phase 6 Post Hold Fix

Phase 6.1 Hold Fix Iter

Phase 6.1.1 Update Timing
Phase 6.1.1 Update Timing | Checksum: 164911636

Time (s): cpu = 00:02:04 ; elapsed = 00:01:27 . Memory (MB): peak = 2381.570 ; gain = 395.391
INFO: [Route 35-416] Intermediate Timing Summary | WNS=1.888  | TNS=0.000  | WHS=3.051  | THS=0.000  |

Phase 6.1 Hold Fix Iter | Checksum: 164911636

Time (s): cpu = 00:02:04 ; elapsed = 00:01:27 . Memory (MB): peak = 2381.570 ; gain = 395.391
Phase 6 Post Hold Fix | Checksum: 164911636

Time (s): cpu = 00:02:04 ; elapsed = 00:01:27 . Memory (MB): peak = 2381.570 ; gain = 395.391

Phase 7 Route finalize

Router Utilization Summary
  Global Vertical Routing Utilization    = 0.0319727 %
  Global Horizontal Routing Utilization  = 0.0314058 %
  Routable Net Status*
  *Does not include unroutable nets such as driverless and loadless.
  Run report_route_status for detailed report.
  Number of Failed Nets               = 0
    (Failed Nets is the sum of unrouted and partially routed nets)
  Number of Unrouted Nets             = 0
  Number of Partially Routed Nets     = 0
  Number of Node Overlaps             = 0

Phase 7 Route finalize | Checksum: 20d45a78b

Time (s): cpu = 00:02:05 ; elapsed = 00:01:27 . Memory (MB): peak = 2381.570 ; gain = 395.391

Phase 8 Verifying routed nets

 Verification completed successfully
Phase 8 Verifying routed nets | Checksum: 20d45a78b

Time (s): cpu = 00:02:05 ; elapsed = 00:01:27 . Memory (MB): peak = 2381.570 ; gain = 395.391

Phase 9 Depositing Routes
Phase 9 Depositing Routes | Checksum: 1b21bc100

Time (s): cpu = 00:02:05 ; elapsed = 00:01:27 . Memory (MB): peak = 2381.570 ; gain = 395.391

Phase 10 Post Router Timing
INFO: [Route 35-20] Post Routing Timing Summary | WNS=1.872  | TNS=0.000  | WHS=3.050  | THS=0.000  |

INFO: [Route 35-61] The design met the timing requirement.
Phase 10 Post Router Timing | Checksum: 19e48d9fe

Time (s): cpu = 00:02:05 ; elapsed = 00:01:27 . Memory (MB): peak = 2381.570 ; gain = 395.391
INFO: [Route 35-16] Router Completed Successfully

Time (s): cpu = 00:02:05 ; elapsed = 00:01:28 . Memory (MB): peak = 2381.570 ; gain = 395.391

Routing Is Done.
INFO: [Common 17-83] Releasing license: Implementation
91 Infos, 0 Warnings, 0 Critical Warnings and 0 Errors encountered.
route_design completed successfully
route_design: Time (s): cpu = 00:02:08 ; elapsed = 00:01:30 . Memory (MB): peak = 2381.570 ; gain = 404.410
Netlist sorting complete. Time (s): cpu = 00:00:00 ; elapsed = 00:00:00.001 . Memory (MB): peak = 2381.570 ; gain = 0.000
INFO: [Timing 38-480] Writing timing data to binary archive.
Writing placer database...
Writing XDEF routing.
Writing XDEF routing logical nets.
Writing XDEF routing special nets.
Write XDEF Complete: Time (s): cpu = 00:00:01 ; elapsed = 00:00:00.333 . Memory (MB): peak = 2381.570 ; gain = 0.000
INFO: [Common 17-1381] The checkpoint 'C:/Users/TheBetterKong/VivadoWorkplace/MyMultiplier16/MyMultiplier16.runs/impl_2/TopMultiplier_routed.dcp' has been generated.
INFO: [runtcl-4] Executing : report_drc -file TopMultiplier_drc_routed.rpt -pb TopMultiplier_drc_routed.pb -rpx TopMultiplier_drc_routed.rpx
Command: report_drc -file TopMultiplier_drc_routed.rpt -pb TopMultiplier_drc_routed.pb -rpx TopMultiplier_drc_routed.rpx
INFO: [IP_Flow 19-1839] IP Catalog is up to date.
INFO: [DRC 23-27] Running DRC with 2 threads
INFO: [Coretcl 2-168] The results of DRC are in file C:/Users/TheBetterKong/VivadoWorkplace/MyMultiplier16/MyMultiplier16.runs/impl_2/TopMultiplier_drc_routed.rpt.
report_drc completed successfully
INFO: [runtcl-4] Executing : report_methodology -file TopMultiplier_methodology_drc_routed.rpt -pb TopMultiplier_methodology_drc_routed.pb -rpx TopMultiplier_methodology_drc_routed.rpx
Command: report_methodology -file TopMultiplier_methodology_drc_routed.rpt -pb TopMultiplier_methodology_drc_routed.pb -rpx TopMultiplier_methodology_drc_routed.rpx
INFO: [Constraints 18-483] create_clock: no pin(s)/port(s)/net(s) specified as objects, only virtual clock 'v_clk' will be created. If you don't want this, please specify pin(s)/ports(s)/net(s) as objects to the command. [C:/Users/TheBetterKong/VivadoWorkplace/MyMultiplier16/multiplier_constraints.xdc:3]
INFO: [Timing 38-35] Done setting XDC timing constraints.
INFO: [DRC 23-133] Running Methodology with 2 threads
INFO: [Coretcl 2-1520] The results of Report Methodology are in file C:/Users/TheBetterKong/VivadoWorkplace/MyMultiplier16/MyMultiplier16.runs/impl_2/TopMultiplier_methodology_drc_routed.rpt.
report_methodology completed successfully
INFO: [runtcl-4] Executing : report_power -file TopMultiplier_power_routed.rpt -pb TopMultiplier_power_summary_routed.pb -rpx TopMultiplier_power_routed.rpx
Command: report_power -file TopMultiplier_power_routed.rpt -pb TopMultiplier_power_summary_routed.pb -rpx TopMultiplier_power_routed.rpx
INFO: [Constraints 18-483] create_clock: no pin(s)/port(s)/net(s) specified as objects, only virtual clock 'v_clk' will be created. If you don't want this, please specify pin(s)/ports(s)/net(s) as objects to the command. [C:/Users/TheBetterKong/VivadoWorkplace/MyMultiplier16/multiplier_constraints.xdc:3]
INFO: [Timing 38-35] Done setting XDC timing constraints.
Running Vector-less Activity Propagation...

Finished Running Vector-less Activity Propagation
105 Infos, 0 Warnings, 0 Critical Warnings and 0 Errors encountered.
report_power completed successfully
INFO: [runtcl-4] Executing : report_route_status -file TopMultiplier_route_status.rpt -pb TopMultiplier_route_status.pb
INFO: [runtcl-4] Executing : report_timing_summary -max_paths 10 -file TopMultiplier_timing_summary_routed.rpt -pb TopMultiplier_timing_summary_routed.pb -rpx TopMultiplier_timing_summary_routed.rpx -warn_on_violation 
INFO: [Timing 38-91] UpdateTimingParams: Speed grade: -1, Delay Type: min_max.
INFO: [Timing 38-191] Multithreading enabled for timing update using a maximum of 2 CPUs
INFO: [runtcl-4] Executing : report_incremental_reuse -file TopMultiplier_incremental_reuse_routed.rpt
INFO: [Vivado_Tcl 4-1062] Incremental flow is disabled. No incremental reuse Info to report.
INFO: [runtcl-4] Executing : report_clock_utilization -file TopMultiplier_clock_utilization_routed.rpt
INFO: [runtcl-4] Executing : report_bus_skew -warn_on_violation -file TopMultiplier_bus_skew_routed.rpt -pb TopMultiplier_bus_skew_routed.pb -rpx TopMultiplier_bus_skew_routed.rpx
INFO: [Timing 38-91] UpdateTimingParams: Speed grade: -1, Delay Type: min_max.
INFO: [Timing 38-191] Multithreading enabled for timing update using a maximum of 2 CPUs
INFO: [Common 17-206] Exiting Vivado at Sun Jun 14 00:04:15 2020...
